<?xml version="1.0" encoding="UTF-8"?>
<!-- Generated by org.testng.reporters.JUnitXMLReporter -->
<testsuite ignored="0" hostname="DESKTOP-QUV1ENP" failures="0" tests="4" name="Framework" time="17.002" errors="0" timestamp="2023-06-16T13:58:20 IST">
  <testcase classname="api.test.PetStore.UserModuleTests" name="testCreateUser" time="8.25"/>
  <testcase classname="api.test.PetStore.UserModuleTests" name="testGetUser" time="1.784"/>
  <testcase classname="api.test.PetStore.UserModuleTests" name="testUpdateUser" time="3.546"/>
  <testcase classname="api.test.PetStore.UserModuleTests" name="testDeleteUser" time="1.835"/>
</testsuite> <!-- Framework -->
