<?xml version="1.0" encoding="UTF-8"?>
<testsuite xmlns:xsi="http://www.w3.org/2001/XMLSchema-instance" xsi:noNamespaceSchemaLocation="https://maven.apache.org/surefire/maven-surefire-plugin/xsd/surefire-test-report-3.0.xsd" version="3.0" name="TestSuite" time="21.108" tests="4" errors="0" skipped="0" failures="0">
  <properties>
[...]
</properties>
  <testcase name="testCreateUser" classname="api.test.PetStore.UserModuleTests" time="8.356">
    <system-out><![CDATA[HTTP/1.1 200 OK
Date: Fri, 16 Jun 2023 08:28:13 GMT
Content-Type: application/json
Transfer-Encoding: chunked
Connection: keep-alive
Access-Control-Allow-Origin: *
Access-Control-Allow-Methods: GET, POST, DELETE, PUT
Access-Control-Allow-Headers: Content-Type, api_key, Authorization
Server: Jetty(9.2.9.v20150224)

{
    "code": 200,
    "type": "unknown",
    "message": "1885922916"
}
]]></system-out>
    <system-err><![CDATA[SLF4J: Failed to load class "org.slf4j.impl.StaticLoggerBinder".
SLF4J: Defaulting to no-operation (NOP) logger implementation
SLF4J: See http://www.slf4j.org/codes.html#StaticLoggerBinder for further details.
]]></system-err>
  </testcase>
  <testcase name="testGetUser" classname="api.test.PetStore.UserModuleTests" time="1.791">
    <system-out><![CDATA[HTTP/1.1 200 OK
Date: Fri, 16 Jun 2023 08:28:15 GMT
Content-Type: application/json
Transfer-Encoding: chunked
Connection: keep-alive
Access-Control-Allow-Origin: *
Access-Control-Allow-Methods: GET, POST, DELETE, PUT
Access-Control-Allow-Headers: Content-Type, api_key, Authorization
Server: Jetty(9.2.9.v20150224)

{
    "id": 1885922916,
    "username": "lonnie.bahringer",
    "firstName": "Junko",
    "lastName": "Gutkowski",
    "email": "adam.walsh@gmail.com",
    "password": "ur28kwk78esg6zb",
    "phone": "504-542-3680",
    "userStatus": 0
}
]]></system-out>
  </testcase>
  <testcase name="testUpdateUser" classname="api.test.PetStore.UserModuleTests" time="3.54">
    <system-out><![CDATA[HTTP/1.1 200 OK
Date: Fri, 16 Jun 2023 08:28:16 GMT
Content-Type: application/json
Transfer-Encoding: chunked
Connection: keep-alive
Access-Control-Allow-Origin: *
Access-Control-Allow-Methods: GET, POST, DELETE, PUT
Access-Control-Allow-Headers: Content-Type, api_key, Authorization
Server: Jetty(9.2.9.v20150224)

{
    "code": 200,
    "type": "unknown",
    "message": "1885922916"
}
HTTP/1.1 200 OK
Date: Fri, 16 Jun 2023 08:28:18 GMT
Content-Type: application/json
Transfer-Encoding: chunked
Connection: keep-alive
Access-Control-Allow-Origin: *
Access-Control-Allow-Methods: GET, POST, DELETE, PUT
Access-Control-Allow-Headers: Content-Type, api_key, Authorization
Server: Jetty(9.2.9.v20150224)

{
    "id": 1885922916,
    "username": "lonnie.bahringer",
    "firstName": "Buster",
    "lastName": "Muller",
    "email": "else.larkin@yahoo.com",
    "password": "ur28kwk78esg6zb",
    "phone": "504-542-3680",
    "userStatus": 0
}
]]></system-out>
  </testcase>
  <testcase name="testDeleteUser" classname="api.test.PetStore.UserModuleTests" time="1.792">
    <system-out><![CDATA[HTTP/1.1 200 OK
Date: Fri, 16 Jun 2023 08:28:20 GMT
Content-Type: application/json
Transfer-Encoding: chunked
Connection: keep-alive
Access-Control-Allow-Origin: *
Access-Control-Allow-Methods: GET, POST, DELETE, PUT
Access-Control-Allow-Headers: Content-Type, api_key, Authorization
Server: Jetty(9.2.9.v20150224)

{
    "code": 200,
    "type": "unknown",
    "message": "lonnie.bahringer"
}
]]></system-out>
  </testcase>
</testsuite>