<?xml version="1.0" encoding="UTF-8"?>
<testng-results ignored="0" total="4" passed="4" failed="0" skipped="0">
  <reporter-output>
  </reporter-output>
  <suite started-at="2023-06-16T13:58:02 IST" name="Practice Suite" finished-at="2023-06-16T13:58:19 IST" duration-ms="17002">
    <groups>
    </groups>
    <test started-at="2023-06-16T13:58:02 IST" name="Framework" finished-at="2023-06-16T13:58:19 IST" duration-ms="17002">
      <class name="api.test.PetStore.UserModuleTests">
        <test-method is-config="true" signature="setup()[pri:0, instance:api.test.PetStore.UserModuleTests@3bf7ca37]" started-at="2023-06-16T13:58:02 IST" name="setup" finished-at="2023-06-16T13:58:03 IST" duration-ms="916" status="PASS">
          <reporter-output>
          </reporter-output>
        </test-method> <!-- setup -->
        <test-method signature="testCreateUser()[pri:1, instance:api.test.PetStore.UserModuleTests@3bf7ca37]" started-at="2023-06-16T13:58:03 IST" name="testCreateUser" finished-at="2023-06-16T13:58:12 IST" duration-ms="8250" status="PASS">
          <reporter-output>
          </reporter-output>
        </test-method> <!-- testCreateUser -->
        <test-method signature="testGetUser()[pri:2, instance:api.test.PetStore.UserModuleTests@3bf7ca37]" started-at="2023-06-16T13:58:12 IST" name="testGetUser" finished-at="2023-06-16T13:58:13 IST" duration-ms="1784" status="PASS">
          <reporter-output>
          </reporter-output>
        </test-method> <!-- testGetUser -->
        <test-method signature="testUpdateUser()[pri:3, instance:api.test.PetStore.UserModuleTests@3bf7ca37]" started-at="2023-06-16T13:58:13 IST" name="testUpdateUser" finished-at="2023-06-16T13:58:17 IST" duration-ms="3546" status="PASS">
          <reporter-output>
          </reporter-output>
        </test-method> <!-- testUpdateUser -->
        <test-method signature="testDeleteUser()[pri:4, instance:api.test.PetStore.UserModuleTests@3bf7ca37]" started-at="2023-06-16T13:58:17 IST" name="testDeleteUser" finished-at="2023-06-16T13:58:19 IST" duration-ms="1835" status="PASS">
          <reporter-output>
          </reporter-output>
        </test-method> <!-- testDeleteUser -->
      </class> <!-- api.test.PetStore.UserModuleTests -->
    </test> <!-- Framework -->
  </suite> <!-- Practice Suite -->
</testng-results>
